<?xml version="1.0" encoding="UTF-8"?>
<testsuite xmlns:xsi="http://www.w3.org/2001/XMLSchema-instance" xsi:noNamespaceSchemaLocation="https://maven.apache.org/surefire/maven-surefire-plugin/xsd/surefire-test-report-3.0.xsd" version="3.0" name="ex2.FractionTest" time="0.074" tests="6" errors="0" skipped="0" failures="0">
  <properties>
    <property name="java.specification.version" value="17"/>
    <property name="sun.cpu.isalist" value="amd64"/>
    <property name="sun.jnu.encoding" value="Cp1252"/>
    <property name="java.class.path" value="C:\Users\b298\WeiterfuehrendeEinfuehrungInDieProgrammierung\WeiterfuehrendeEinfuehrungInDieProgrammierung\Homework_6_OOP\ex2\target\test-classes;C:\Users\b298\WeiterfuehrendeEinfuehrungInDieProgrammierung\WeiterfuehrendeEinfuehrungInDieProgrammierung\Homework_6_OOP\ex2\target\classes;C:\Users\b298\.m2\repository\org\junit\jupiter\junit-jupiter-api\5.10.0\junit-jupiter-api-5.10.0.jar;C:\Users\b298\.m2\repository\org\opentest4j\opentest4j\1.3.0\opentest4j-1.3.0.jar;C:\Users\b298\.m2\repository\org\junit\platform\junit-platform-commons\1.10.0\junit-platform-commons-1.10.0.jar;C:\Users\b298\.m2\repository\org\apiguardian\apiguardian-api\1.1.2\apiguardian-api-1.1.2.jar;C:\Users\b298\.m2\repository\org\junit\jupiter\junit-jupiter-engine\5.10.0\junit-jupiter-engine-5.10.0.jar;C:\Users\b298\.m2\repository\org\junit\platform\junit-platform-engine\1.10.0\junit-platform-engine-1.10.0.jar;"/>
    <property name="java.vm.vendor" value="Oracle Corporation"/>
    <property name="sun.arch.data.model" value="64"/>
    <property name="user.variant" value=""/>
    <property name="java.vendor.url" value="https://java.oracle.com/"/>
    <property name="user.timezone" value="Europe/Berlin"/>
    <property name="os.name" value="Windows 10"/>
    <property name="java.vm.specification.version" value="17"/>
    <property name="user.country" value="DE"/>
    <property name="sun.java.launcher" value="SUN_STANDARD"/>
    <property name="sun.boot.library.path" value="C:\Users\b298\Downloads\openjdk-17_windows-x64_bin\jdk-17\bin"/>
    <property name="sun.java.command" value="C:\Users\b298\AppData\Local\Temp\surefire3358590081003445710\surefirebooter1282510423074452397.jar C:\Users\b298\AppData\Local\Temp\surefire3358590081003445710 2025-05-20T10-21-25_158-jvmRun1 surefire17417635327897547237tmp surefire_014818509553394599681tmp"/>
    <property name="jdk.debug" value="release"/>
    <property name="test" value="ex2.FractionTest"/>
    <property name="surefire.test.class.path" value="C:\Users\b298\WeiterfuehrendeEinfuehrungInDieProgrammierung\WeiterfuehrendeEinfuehrungInDieProgrammierung\Homework_6_OOP\ex2\target\test-classes;C:\Users\b298\WeiterfuehrendeEinfuehrungInDieProgrammierung\WeiterfuehrendeEinfuehrungInDieProgrammierung\Homework_6_OOP\ex2\target\classes;C:\Users\b298\.m2\repository\org\junit\jupiter\junit-jupiter-api\5.10.0\junit-jupiter-api-5.10.0.jar;C:\Users\b298\.m2\repository\org\opentest4j\opentest4j\1.3.0\opentest4j-1.3.0.jar;C:\Users\b298\.m2\repository\org\junit\platform\junit-platform-commons\1.10.0\junit-platform-commons-1.10.0.jar;C:\Users\b298\.m2\repository\org\apiguardian\apiguardian-api\1.1.2\apiguardian-api-1.1.2.jar;C:\Users\b298\.m2\repository\org\junit\jupiter\junit-jupiter-engine\5.10.0\junit-jupiter-engine-5.10.0.jar;C:\Users\b298\.m2\repository\org\junit\platform\junit-platform-engine\1.10.0\junit-platform-engine-1.10.0.jar;"/>
    <property name="sun.cpu.endian" value="little"/>
    <property name="user.home" value="C:\Users\b298"/>
    <property name="user.language" value="de"/>
    <property name="java.specification.vendor" value="Oracle Corporation"/>
    <property name="java.version.date" value="2021-09-14"/>
    <property name="java.home" value="C:\Users\b298\Downloads\openjdk-17_windows-x64_bin\jdk-17"/>
    <property name="file.separator" value="\"/>
    <property name="basedir" value="C:\Users\b298\WeiterfuehrendeEinfuehrungInDieProgrammierung\WeiterfuehrendeEinfuehrungInDieProgrammierung\Homework_6_OOP\ex2"/>
    <property name="java.vm.compressedOopsMode" value="Zero based"/>
    <property name="line.separator" value="&#10;"/>
    <property name="java.vm.specification.vendor" value="Oracle Corporation"/>
    <property name="java.specification.name" value="Java Platform API Specification"/>
    <property name="surefire.real.class.path" value="C:\Users\b298\AppData\Local\Temp\surefire3358590081003445710\surefirebooter1282510423074452397.jar"/>
    <property name="user.script" value=""/>
    <property name="sun.management.compiler" value="HotSpot 64-Bit Tiered Compilers"/>
    <property name="java.runtime.version" value="17+35-2724"/>
    <property name="user.name" value="B298"/>
    <property name="path.separator" value=";"/>
    <property name="os.version" value="10.0"/>
    <property name="java.runtime.name" value="OpenJDK Runtime Environment"/>
    <property name="file.encoding" value="Cp1252"/>
    <property name="java.vm.name" value="OpenJDK 64-Bit Server VM"/>
    <property name="maven.ext.class.path" value="C:\Users\b298\.vscode\extensions\oracle.oracle-java-24.0.0\nbcode\java\maven-nblib\netbeans-eventspy.jar"/>
    <property name="localRepository" value="C:\Users\b298\.m2\repository"/>
    <property name="java.vendor.url.bug" value="https://bugreport.java.com/bugreport/"/>
    <property name="java.io.tmpdir" value="C:\Users\b298\AppData\Local\Temp\"/>
    <property name="java.version" value="17"/>
    <property name="user.dir" value="C:\Users\b298\WeiterfuehrendeEinfuehrungInDieProgrammierung\WeiterfuehrendeEinfuehrungInDieProgrammierung\Homework_6_OOP\ex2"/>
    <property name="os.arch" value="amd64"/>
    <property name="java.vm.specification.name" value="Java Virtual Machine Specification"/>
    <property name="sun.os.patch.level" value=""/>
    <property name="native.encoding" value="Cp1252"/>
    <property name="java.library.path" value="C:\Users\b298\Downloads\openjdk-17_windows-x64_bin\jdk-17\bin;C:\WINDOWS\Sun\Java\bin;C:\WINDOWS\system32;C:\WINDOWS;C:\Python313\Scripts\;C:\Python313\;C:\WINDOWS\system32;C:\WINDOWS;C:\WINDOWS\System32\Wbem;C:\WINDOWS\System32\WindowsPowerShell\v1.0\;C:\WINDOWS\System32\OpenSSH\;C:\Program Files\Git\cmd;C:\Program Files\Git\mingw64\bin;C:\Program Files\Git\usr\bin;%JAVA_HOME%\bin;C:\ProgramData\chocolatey\bin;C:\Program Files\nodejs\;C:\Users\b298\Downloads\openjdk-11.0.2_windows-x64_bin\jdk-11.0.2\bin;C:\Users\b298\AppData\Local\Microsoft\WindowsApps;C:\Users\b298\AppData\Local\Programs\Microsoft VS Code\bin;C:\Applications\Atlassian\atlassian-plugin-sdk-8.2.7\bin;C:\Users\b298\Downloads\apache-maven-3.8.8-bin;C:\Applications\Atlassian\atlassian-plugin-sdk-8.2.7\bin;C:\Users\b298\Downloads\apache-maven-3.8.8-bin\apache-maven-3.8.8\bin;C:\Program Files\JetBrains\IntelliJ IDEA Community Edition 2024.3.5\bin;;C:\Users\b298\AppData\Roaming\npm;C:\Users\b298\AppData\Local\GitHubDesktop\bin;."/>
    <property name="java.vm.info" value="mixed mode, sharing"/>
    <property name="java.vendor" value="Oracle Corporation"/>
    <property name="java.vm.version" value="17+35-2724"/>
    <property name="sun.io.unicode.encoding" value="UnicodeLittle"/>
    <property name="java.class.version" value="61.0"/>
  </properties>
  <testcase name="noZeroAllowed" classname="ex2.FractionTest" time="0.033"/>
  <testcase name="testKuerzen" classname="ex2.FractionTest" time="0.009"/>
  <testcase name="testMultiplikation" classname="ex2.FractionTest" time="0.001"/>
  <testcase name="testAdditionVerschiedenerNenner" classname="ex2.FractionTest" time="0.001"/>
  <testcase name="testKehrwert" classname="ex2.FractionTest" time="0.001"/>
  <testcase name="testAdditionGleicherNenner" classname="ex2.FractionTest" time="0.001"/>
</testsuite>